D, [2014-11-11T12:49:10.295689 #3887] DEBUG -- :   [1m[36m (29.8ms)[0m  [1mCREATE DATABASE `crawldata` DEFAULT CHARACTER SET `utf8`[0m
D, [2014-11-11T13:37:26.913692 #4051] DEBUG -- :   [1m[36m (241.6ms)[0m  [1mCREATE TABLE `schema_migrations` (`version` varchar(255) NOT NULL) ENGINE=InnoDB[0m
D, [2014-11-11T13:37:27.003339 #4051] DEBUG -- :   [1m[35m (88.6ms)[0m  CREATE UNIQUE INDEX `unique_schema_migrations`  ON `schema_migrations` (`version`) 
D, [2014-11-11T13:37:27.004216 #4051] DEBUG -- :   [1m[36mActiveRecord::SchemaMigration Load (0.3ms)[0m  [1mSELECT `schema_migrations`.* FROM `schema_migrations`[0m
I, [2014-11-11T13:37:27.013964 #4051]  INFO -- : Migrating to CreatePages (20141111100413)
D, [2014-11-11T13:37:27.086296 #4051] DEBUG -- :   [1m[35m (58.5ms)[0m  CREATE TABLE `pages` (`id` int(11) auto_increment PRIMARY KEY, `page` varchar(255), `sum` varchar(255), `indexed` tinyint(1), `created_at` datetime, `updated_at` datetime) ENGINE=InnoDB
D, [2014-11-11T13:37:27.155055 #4051] DEBUG -- :   [1m[36m (0.1ms)[0m  [1mBEGIN[0m
D, [2014-11-11T13:37:27.168042 #4051] DEBUG -- :   [1m[35mSQL (0.2ms)[0m  INSERT INTO `schema_migrations` (`version`) VALUES ('20141111100413')
D, [2014-11-11T13:37:27.169288 #4051] DEBUG -- :   [1m[36m (1.1ms)[0m  [1mCOMMIT[0m
I, [2014-11-11T13:37:27.169351 #4051]  INFO -- : Migrating to CreateWords (20141111100454)
D, [2014-11-11T13:37:27.210381 #4051] DEBUG -- :   [1m[35m (39.4ms)[0m  CREATE TABLE `word` (`id` int(11) auto_increment PRIMARY KEY, `word` varchar(255), `crawled` tinyint(1), `created_at` datetime, `updated_at` datetime) ENGINE=InnoDB
D, [2014-11-11T13:37:27.210985 #4051] DEBUG -- :   [1m[36m (0.1ms)[0m  [1mBEGIN[0m
D, [2014-11-11T13:37:27.211851 #4051] DEBUG -- :   [1m[35mSQL (0.2ms)[0m  INSERT INTO `schema_migrations` (`version`) VALUES ('20141111100454')
D, [2014-11-11T13:37:27.213569 #4051] DEBUG -- :   [1m[36m (0.8ms)[0m  [1mCOMMIT[0m
I, [2014-11-11T13:37:27.213635 #4051]  INFO -- : Migrating to CreateIndexes (20141111100629)
D, [2014-11-11T13:37:27.348453 #4051] DEBUG -- :   [1m[35m (133.4ms)[0m  CREATE TABLE `indexes` (`id` int(11) auto_increment PRIMARY KEY, `title` varchar(255), `url` varchar(255), `sum` varchar(255), `word` varchar(255), `created_at` datetime, `updated_at` datetime) ENGINE=InnoDB
D, [2014-11-11T13:37:27.348857 #4051] DEBUG -- :   [1m[36m (0.1ms)[0m  [1mBEGIN[0m
D, [2014-11-11T13:37:27.349545 #4051] DEBUG -- :   [1m[35mSQL (0.1ms)[0m  INSERT INTO `schema_migrations` (`version`) VALUES ('20141111100629')
D, [2014-11-11T13:37:27.355290 #4051] DEBUG -- :   [1m[36m (5.6ms)[0m  [1mCOMMIT[0m
D, [2014-11-11T13:40:02.314333 #4067] DEBUG -- :   [1m[36m (69.5ms)[0m  [1mDROP DATABASE IF EXISTS `crawldata`[0m
